Input option is " lr
Index([u'url', u'urlid', u'boilerplate', u'alchemy_category', u'alchemy_category_score', u'avglinksize', u'commonlinkratio_1', u'commonlinkratio_2', u'commonlinkratio_3', u'commonlinkratio_4', u'compression_ratio', u'embed_ratio', u'framebased', u'frameTagRatio', u'hasDomainLink', u'html_ratio', u'image_ratio', u'is_news', u'lengthyLinkDomain', u'linkwordscore', u'news_front_page', u'non_markup_alphanum_characters', u'numberOfLinks', u'numwords_in_url', u'parametrizedLinkRatio', u'spelling_errors_ratio', u'label'], dtype='object')
(6000, 75791)
Traceback (most recent call last):
  File "./run_model.py", line 129, in <module>
    main(sys.argv[1:])
  File "./run_model.py", line 123, in main
    executeModel(model)
  File "./run_model.py", line 92, in executeModel
    scores = cross_validation.cross_val_score(model, X, target, cv=5)
  File "/home/ec2-user/anaconda/lib/python2.7/site-packages/sklearn/cross_validation.py", line 1152, in cross_val_score
    for train, test in cv)
  File "/home/ec2-user/anaconda/lib/python2.7/site-packages/sklearn/externals/joblib/parallel.py", line 517, in __call__
    self.dispatch(function, args, kwargs)
  File "/home/ec2-user/anaconda/lib/python2.7/site-packages/sklearn/externals/joblib/parallel.py", line 312, in dispatch
    job = ImmediateApply(func, args, kwargs)
  File "/home/ec2-user/anaconda/lib/python2.7/site-packages/sklearn/externals/joblib/parallel.py", line 136, in __init__
    self.results = func(*args, **kwargs)
  File "/home/ec2-user/anaconda/lib/python2.7/site-packages/sklearn/cross_validation.py", line 1051, in _cross_val_score
    X_train = X[safe_mask(X, train)]
MemoryError
